<?xml version="1.0" encoding="UTF-8"?>
<testng-results ignored="0" total="1" passed="1" failed="0" skipped="0">
  <reporter-output>
  </reporter-output>
  <suite started-at="2023-11-22T13:08:27 EST" name="Default suite" finished-at="2023-11-22T13:08:43 EST" duration-ms="15674">
    <groups>
    </groups>
    <test started-at="2023-11-22T13:08:27 EST" name="Default test" finished-at="2023-11-22T13:08:43 EST" duration-ms="15674">
      <class name="tests.SeleniumTests">
        <test-method is-config="true" signature="setUp()[pri:0, instance:tests.SeleniumTests@3f197a46]" started-at="2023-11-22T13:08:27 EST" name="setUp" finished-at="2023-11-22T13:08:39 EST" duration-ms="11735" status="PASS">
          <reporter-output>
          </reporter-output>
        </test-method> <!-- setUp -->
        <test-method signature="testgetTitle()[pri:0, instance:tests.SeleniumTests@3f197a46]" started-at="2023-11-22T13:08:39 EST" name="testgetTitle" finished-at="2023-11-22T13:08:42 EST" duration-ms="3542" status="PASS">
          <reporter-output>
          </reporter-output>
        </test-method> <!-- testgetTitle -->
        <test-method is-config="true" signature="tearDown()[pri:0, instance:tests.SeleniumTests@3f197a46]" started-at="2023-11-22T13:08:42 EST" name="tearDown" finished-at="2023-11-22T13:08:43 EST" duration-ms="292" status="PASS">
          <reporter-output>
          </reporter-output>
        </test-method> <!-- tearDown -->
      </class> <!-- tests.SeleniumTests -->
    </test> <!-- Default test -->
  </suite> <!-- Default suite -->
</testng-results>
